<?xml version="1.0" encoding="UTF-8"?>
<!-- Generated by org.testng.reporters.JUnitReportReporter -->
<testsuite skipped="0" hostname="Zeus-PC" name="Java_cucumber.Java_cucumber.Test" tests="1" failures="0" timestamp="25 Feb 2019 04:58:38 GMT" time="0.057" errors="0">
  <testcase name="getData" time="0.057" classname="Java_cucumber.Java_cucumber.Test"/>
</testsuite> <!-- Java_cucumber.Java_cucumber.Test -->
